Base path: C:/Program Files/Unity/Editor/Data
Pipe name: \\.\pipe\UnityShaderCompiler-64bit-1-8504
Cmd: getPlatforms
Cmd: preprocess
  insize=2710 outsize=1205 ok=1
Cmd: compileSnippet
  api=4 type=0 insize=1807 outsize=2818 kw= ok=1
Cmd: compileSnippet
  api=4 type=1 insize=1807 outsize=616 kw= ok=1
Cmd: preprocess
  insize=4017 outsize=1308 ok=1
Cmd: compileSnippet
  api=4 type=0 insize=3010 outsize=3614 kw= ok=1
Cmd: compileSnippet
  api=4 type=1 insize=3010 outsize=957 kw= ok=1
Cmd: preprocess
  insize=3057 outsize=1278 ok=1
Cmd: compileSnippet
  api=4 type=0 insize=2080 outsize=2818 kw= ok=1
Cmd: compileSnippet
  api=4 type=1 insize=2080 outsize=957 kw= ok=1
Cmd: preprocess
  insize=2736 outsize=1230 ok=1
Cmd: compileSnippet
  api=4 type=0 insize=1807 outsize=2818 kw= ok=1
Cmd: compileSnippet
  api=4 type=1 insize=1807 outsize=616 kw= ok=1
Cmd: preprocess
  insize=3066 outsize=1304 ok=1
Cmd: compileSnippet
  api=4 type=0 insize=2064 outsize=2818 kw= ok=1
Cmd: compileSnippet
  api=4 type=1 insize=2064 outsize=957 kw= ok=1
Cmd: preprocess
  insize=3994 outsize=1285 ok=1
Cmd: compileSnippet
  api=4 type=0 insize=3445 outsize=7034 kw=SHADOWS_DEPTH ok=1
Cmd: compileSnippet
  api=4 type=1 insize=3445 outsize=1030 kw=SHADOWS_DEPTH ok=1
Cmd: compileSnippet
  api=4 type=0 insize=3054 outsize=6661 kw=SHADOWS_DEPTH ok=1
Cmd: compileSnippet
  api=4 type=1 insize=3054 outsize=1030 kw=SHADOWS_DEPTH ok=1
Cmd: compileSnippet
  api=4 type=0 insize=63517 outsize=4012 kw=DIRECTIONAL SHADOWS_OFF LIGHTMAP_OFF DIRLIGHTMAP_OFF DYNAMICLIGHTMAP_OFF ok=1
Cmd: compileSnippet
  api=4 type=1 insize=63517 outsize=2826 kw=DIRECTIONAL SHADOWS_OFF LIGHTMAP_OFF DIRLIGHTMAP_OFF DYNAMICLIGHTMAP_OFF ok=1
Cmd: compileSnippet
  api=4 type=0 insize=1642 outsize=1290 kw=SOFTPARTICLES_OFF ok=1
Cmd: compileSnippet
  api=4 type=1 insize=1642 outsize=924 kw=SOFTPARTICLES_OFF ok=1
